<?xml version="1.0" encoding="UTF-8"?>
<!-- Generated by org.testng.reporters.JUnitReportReporter -->
<testsuite hostname="DESKTOP-OSH6QQN" failures="0" tests="2" name="com.Airpay.Tests.TC_ID_Verify_Express_Payments_Forgot_Password_link_Sent" time="20.418" errors="0" timestamp="2021-11-03T13:40:06 IST" skipped="0">
  <testcase classname="com.Airpay.Tests.TC_ID_Verify_Express_Payments_Forgot_Password_link_Sent" name="setup" time="0.000"/>
  <system-out/>
  <testcase classname="com.Airpay.Tests.TC_ID_Verify_Express_Payments_Forgot_Password_link_Sent" name="TC_TestCaseName" time="20.418"/>
  <system-out/>
</testsuite> <!-- com.Airpay.Tests.TC_ID_Verify_Express_Payments_Forgot_Password_link_Sent -->
