<?xml version="1.0" encoding="UTF-8"?>
<!-- Generated by org.testng.reporters.JUnitReportReporter -->
<testsuite hostname="DESKTOP-OSH6QQN" failures="0" tests="2" name="com.Airpay.Tests.TC_PP_05" time="10.089" errors="0" timestamp="2021-11-03T11:48:31 IST" skipped="0">
  <testcase classname="com.Airpay.Tests.TC_PP_05" name="setup" time="0.000"/>
  <system-out/>
  <testcase classname="com.Airpay.Tests.TC_PP_05" name="TC_TestCaseName" time="10.089"/>
  <system-out/>
</testsuite> <!-- com.Airpay.Tests.TC_PP_05 -->
