<?xml version="1.0" encoding="UTF-8"?>
<!-- Generated by org.testng.reporters.JUnitReportReporter -->
<testsuite hostname="DESKTOP-OSH6QQN" failures="0" tests="2" name="com.Airpay.Tests.TC_PP_Cash_MakePayment_PinCodeErrorLine" time="104.940" errors="0" timestamp="2021-11-03T12:14:26 IST" skipped="0">
  <testcase classname="com.Airpay.Tests.TC_PP_Cash_MakePayment_PinCodeErrorLine" name="setup" time="0.000"/>
  <system-out/>
  <testcase classname="com.Airpay.Tests.TC_PP_Cash_MakePayment_PinCodeErrorLine" name="TC_TestCaseName" time="104.940"/>
  <system-out/>
</testsuite> <!-- com.Airpay.Tests.TC_PP_Cash_MakePayment_PinCodeErrorLine -->
