<?xml version="1.0" encoding="UTF-8"?>
<!-- Generated by org.testng.reporters.JUnitReportReporter -->
<testsuite hostname="DESKTOP-OSH6QQN" failures="0" tests="2" name="com.Airpay.Tests.TC_PP_04" time="6.958" errors="0" timestamp="2021-11-03T11:42:10 IST" skipped="0">
  <testcase classname="com.Airpay.Tests.TC_PP_04" name="setup" time="0.000"/>
  <system-out/>
  <testcase classname="com.Airpay.Tests.TC_PP_04" name="TC_TestCaseName" time="6.958"/>
  <system-out/>
</testsuite> <!-- com.Airpay.Tests.TC_PP_04 -->
