<?xml version="1.0" encoding="UTF-8"?>
<!-- Generated by org.testng.reporters.JUnitReportReporter -->
<testsuite hostname="DESKTOP-OSH6QQN" failures="0" tests="2" name="com.Airpay.Tests.TC_PP_Virtual_Account_Success_transaction_testcase" time="445.495" errors="0" timestamp="2021-11-03T13:34:12 IST" skipped="0">
  <testcase classname="com.Airpay.Tests.TC_PP_Virtual_Account_Success_transaction_testcase" name="setup" time="0.000"/>
  <system-out/>
  <testcase classname="com.Airpay.Tests.TC_PP_Virtual_Account_Success_transaction_testcase" name="TC_TestCaseName" time="445.495"/>
  <system-out/>
</testsuite> <!-- com.Airpay.Tests.TC_PP_Virtual_Account_Success_transaction_testcase -->
