<?xml version="1.0" encoding="UTF-8"?>
<!-- Generated by org.testng.reporters.JUnitReportReporter -->
<testsuite hostname="DESKTOP-OSH6QQN" failures="0" tests="2" name="com.Airpay.Tests.TC_PP_Wallet_Navigation_page" time="292.604" errors="0" timestamp="2021-11-03T12:29:18 IST" skipped="0">
  <testcase classname="com.Airpay.Tests.TC_PP_Wallet_Navigation_page" name="setup" time="0.000"/>
  <system-out/>
  <testcase classname="com.Airpay.Tests.TC_PP_Wallet_Navigation_page" name="TC_TestCaseName" time="292.604"/>
  <system-out/>
</testsuite> <!-- com.Airpay.Tests.TC_PP_Wallet_Navigation_page -->
