<?xml version="1.0" encoding="UTF-8"?>
<!-- Generated by org.testng.reporters.JUnitReportReporter -->
<testsuite hostname="DESKTOP-OSH6QQN" failures="0" tests="1" name="com.Airpay.Utilities.Create_TestNGXML" time="123.752" errors="0" timestamp="2021-11-19T13:20:11 IST" skipped="0">
  <testcase classname="com.Airpay.Utilities.Create_TestNGXML" name="createXMLfile" time="123.752"/>
  <system-out/>
</testsuite> <!-- com.Airpay.Utilities.Create_TestNGXML -->
