<?xml version="1.0" encoding="UTF-8"?>
<!-- Generated by org.testng.reporters.JUnitReportReporter -->
<testsuite hostname="DESKTOP-OSH6QQN" failures="0" tests="2" name="com.Airpay.Tests.TC_PP_NetBanking_Previous_Selected_PopularBank" time="9.761" errors="0" timestamp="2021-10-18T16:17:24 IST" skipped="0">
  <testcase classname="com.Airpay.Tests.TC_PP_NetBanking_Previous_Selected_PopularBank" name="setup" time="0.000"/>
  <system-out/>
  <testcase classname="com.Airpay.Tests.TC_PP_NetBanking_Previous_Selected_PopularBank" name="TC_TestCaseName" time="9.761"/>
  <system-out/>
</testsuite> <!-- com.Airpay.Tests.TC_PP_NetBanking_Previous_Selected_PopularBank -->
