<?xml version="1.0" encoding="UTF-8"?>
<!-- Generated by org.testng.reporters.JUnitReportReporter -->
<testsuite hostname="DESKTOP-OSH6QQN" failures="0" tests="2" name="com.Airpay.Tests.TC_PP_14_EMI" time="107.820" errors="0" timestamp="2021-10-14T18:38:19 IST" skipped="0">
  <testcase classname="com.Airpay.Tests.TC_PP_14_EMI" name="setup" time="0.032"/>
  <system-out/>
  <testcase classname="com.Airpay.Tests.TC_PP_14_EMI" name="TC_TestCaseName" time="107.788"/>
  <system-out/>
</testsuite> <!-- com.Airpay.Tests.TC_PP_14_EMI -->
