<?xml version="1.0" encoding="UTF-8"?>
<!-- Generated by org.testng.reporters.JUnitReportReporter -->
<testsuite hostname="DESKTOP-OSH6QQN" failures="0" tests="2" name="com.Airpay.Tests.TC_PP_BharatOR_BarCode_CrossBtn_Error_verification" time="296.959" errors="0" timestamp="2021-11-03T13:18:49 IST" skipped="0">
  <testcase classname="com.Airpay.Tests.TC_PP_BharatOR_BarCode_CrossBtn_Error_verification" name="setup" time="0.192"/>
  <system-out/>
  <testcase classname="com.Airpay.Tests.TC_PP_BharatOR_BarCode_CrossBtn_Error_verification" name="TC_TestCaseName" time="296.767"/>
  <system-out/>
</testsuite> <!-- com.Airpay.Tests.TC_PP_BharatOR_BarCode_CrossBtn_Error_verification -->
