<?xml version="1.0" encoding="UTF-8"?>
<!-- Generated by org.testng.reporters.JUnitReportReporter -->
<testsuite hostname="DESKTOP-OSH6QQN" failures="0" tests="2" name="com.Airpay.Tests.TC_PP_05_Langugechange" time="205.543" errors="0" timestamp="2021-11-03T11:47:34 IST" skipped="0">
  <testcase classname="com.Airpay.Tests.TC_PP_05_Langugechange" name="setup" time="0.001"/>
  <system-out/>
  <testcase classname="com.Airpay.Tests.TC_PP_05_Langugechange" name="TC_TestCaseName" time="205.542"/>
  <system-out/>
</testsuite> <!-- com.Airpay.Tests.TC_PP_05_Langugechange -->
