<?xml version="1.0" encoding="UTF-8"?>
<!-- Generated by org.testng.reporters.JUnitReportReporter -->
<testsuite hostname="DESKTOP-OSH6QQN" failures="0" tests="2" name="com.Airpay.Tests.TC_PP_Wallet_Previous_Selected_Popular_wallet" time="10.686" errors="0" timestamp="2021-10-06T11:54:37 IST" skipped="0">
  <testcase classname="com.Airpay.Tests.TC_PP_Wallet_Previous_Selected_Popular_wallet" name="setup" time="0.000"/>
  <system-out/>
  <testcase classname="com.Airpay.Tests.TC_PP_Wallet_Previous_Selected_Popular_wallet" name="TC_TestCaseName" time="10.686"/>
  <system-out/>
</testsuite> <!-- com.Airpay.Tests.TC_PP_Wallet_Previous_Selected_Popular_wallet -->
