<?xml version="1.0" encoding="UTF-8"?>
<!-- Generated by org.testng.reporters.JUnitReportReporter -->
<testsuite hostname="DESKTOP-OSH6QQN" failures="0" tests="2" name="com.Airpay.Tests.TC_ID_Verify_American_Express_Save_Cards" time="21.238" errors="0" timestamp="2021-11-03T13:37:17 IST" skipped="0">
  <testcase classname="com.Airpay.Tests.TC_ID_Verify_American_Express_Save_Cards" name="setup" time="0.000"/>
  <system-out/>
  <testcase classname="com.Airpay.Tests.TC_ID_Verify_American_Express_Save_Cards" name="TC_TestCaseName" time="21.238"/>
  <system-out/>
</testsuite> <!-- com.Airpay.Tests.TC_ID_Verify_American_Express_Save_Cards -->
