<?xml version="1.0" encoding="UTF-8"?>
<!-- Generated by org.testng.reporters.JUnitReportReporter -->
<testsuite hostname="DESKTOP-OSH6QQN" failures="0" tests="2" name="com.Airpay.Tests.TC_PP_EMI_Blank_Value_RedLine_Error_notification" time="95.732" errors="0" timestamp="2021-11-03T13:05:28 IST" skipped="0">
  <testcase classname="com.Airpay.Tests.TC_PP_EMI_Blank_Value_RedLine_Error_notification" name="setup" time="0.260"/>
  <system-out/>
  <testcase classname="com.Airpay.Tests.TC_PP_EMI_Blank_Value_RedLine_Error_notification" name="TC_TestCaseName" time="95.472"/>
  <system-out/>
</testsuite> <!-- com.Airpay.Tests.TC_PP_EMI_Blank_Value_RedLine_Error_notification -->
