<?xml version="1.0" encoding="UTF-8"?>
<!-- Generated by org.testng.reporters.JUnitReportReporter -->
<testsuite hostname="DESKTOP-OSH6QQN" failures="0" tests="2" name="com.Airpay.Tests.TC_PP_13_Credit_Card" time="28.394" errors="0" timestamp="2021-11-03T11:56:23 IST" skipped="0">
  <testcase classname="com.Airpay.Tests.TC_PP_13_Credit_Card" name="setup" time="0.000"/>
  <system-out/>
  <testcase classname="com.Airpay.Tests.TC_PP_13_Credit_Card" name="TC_TestCaseName" time="28.394"/>
  <system-out/>
</testsuite> <!-- com.Airpay.Tests.TC_PP_13_Credit_Card -->
