<?xml version="1.0" encoding="UTF-8"?>
<!-- Generated by org.testng.reporters.JUnitReportReporter -->
<testsuite hostname="DESKTOP-OSH6QQN" failures="0" tests="2" name="com.Airpay.Tests.TC_PP_NetBanking_Bank_page_validations" time="2722.123" errors="0" timestamp="2021-10-22T17:49:58 IST" skipped="0">
  <testcase classname="com.Airpay.Tests.TC_PP_NetBanking_Bank_page_validations" name="setup" time="0.000"/>
  <system-out/>
  <testcase classname="com.Airpay.Tests.TC_PP_NetBanking_Bank_page_validations" name="TC_TestCaseName" time="2722.123"/>
  <system-out/>
</testsuite> <!-- com.Airpay.Tests.TC_PP_NetBanking_Bank_page_validations -->
