<?xml version="1.0" encoding="UTF-8"?>
<!-- Generated by org.testng.reporters.JUnitReportReporter -->
<testsuite hostname="DESKTOP-OSH6QQN" failures="0" tests="2" name="com.Airpay.Tests.TC_PP_valid_UPI_Session_Cancel_popup_ErrMsg" time="689.839" errors="0" timestamp="2021-11-03T13:03:25 IST" skipped="0">
  <testcase classname="com.Airpay.Tests.TC_PP_valid_UPI_Session_Cancel_popup_ErrMsg" name="setup" time="0.000"/>
  <system-out/>
  <testcase classname="com.Airpay.Tests.TC_PP_valid_UPI_Session_Cancel_popup_ErrMsg" name="TC_TestCaseName" time="689.839"/>
  <system-out/>
</testsuite> <!-- com.Airpay.Tests.TC_PP_valid_UPI_Session_Cancel_popup_ErrMsg -->
