<?xml version="1.0" encoding="UTF-8"?>
<!-- Generated by org.testng.reporters.JUnitReportReporter -->
<testsuite hostname="DESKTOP-OSH6QQN" failures="0" tests="2" name="com.Airpay.Tests.TC_PP_AmexeZeClick_Testcase" time="99.891" errors="0" timestamp="2021-11-03T13:26:33 IST" skipped="0">
  <testcase classname="com.Airpay.Tests.TC_PP_AmexeZeClick_Testcase" name="setup" time="0.000"/>
  <system-out/>
  <testcase classname="com.Airpay.Tests.TC_PP_AmexeZeClick_Testcase" name="TC_TestCaseName" time="99.891"/>
  <system-out/>
</testsuite> <!-- com.Airpay.Tests.TC_PP_AmexeZeClick_Testcase -->
