<?xml version="1.0" encoding="UTF-8"?>
<!-- Generated by org.testng.reporters.JUnitReportReporter -->
<testsuite hostname="DESKTOP-OSH6QQN" failures="0" tests="2" name="com.Airpay.Tests.TC_PP_Wallet_Red_Line_Error" time="13.448" errors="0" timestamp="2021-11-03T12:23:42 IST" skipped="0">
  <testcase classname="com.Airpay.Tests.TC_PP_Wallet_Red_Line_Error" name="setup" time="0.000"/>
  <system-out/>
  <testcase classname="com.Airpay.Tests.TC_PP_Wallet_Red_Line_Error" name="TC_TestCaseName" time="13.448"/>
  <system-out/>
</testsuite> <!-- com.Airpay.Tests.TC_PP_Wallet_Red_Line_Error -->
