<?xml version="1.0" encoding="UTF-8"?>
<!-- Generated by org.testng.reporters.JUnitReportReporter -->
<testsuite hostname="DESKTOP-OSH6QQN" failures="0" tests="2" name="com.Airpay.Tests.TC_PP_Amazon_Pay_TestCase" time="111.684" errors="0" timestamp="2021-11-03T13:36:28 IST" skipped="0">
  <testcase classname="com.Airpay.Tests.TC_PP_Amazon_Pay_TestCase" name="setup" time="0.001"/>
  <system-out/>
  <testcase classname="com.Airpay.Tests.TC_PP_Amazon_Pay_TestCase" name="TC_TestCaseName" time="111.683"/>
  <system-out/>
</testsuite> <!-- com.Airpay.Tests.TC_PP_Amazon_Pay_TestCase -->
