<?xml version="1.0" encoding="UTF-8"?>
<!-- Generated by org.testng.reporters.JUnitReportReporter -->
<testsuite hostname="DESKTOP-OSH6QQN" failures="0" tests="2" name="com.Airpay.Tests.TC_PP_BharatOR_BarCode_Session_TimeOut_errVerification" time="317.623" errors="0" timestamp="2021-11-03T13:24:36 IST" skipped="0">
  <testcase classname="com.Airpay.Tests.TC_PP_BharatOR_BarCode_Session_TimeOut_errVerification" name="setup" time="0.016"/>
  <system-out/>
  <testcase classname="com.Airpay.Tests.TC_PP_BharatOR_BarCode_Session_TimeOut_errVerification" name="TC_TestCaseName" time="317.607"/>
  <system-out/>
</testsuite> <!-- com.Airpay.Tests.TC_PP_BharatOR_BarCode_Session_TimeOut_errVerification -->
