<?xml version="1.0" encoding="UTF-8"?>
<!-- Generated by org.testng.reporters.JUnitReportReporter -->
<testsuite hostname="DESKTOP-OSH6QQN" failures="0" tests="2" name="com.Airpay.Tests.TC_PP_Cash_MakePayment" time="192.029" errors="0" timestamp="2021-11-03T12:11:10 IST" skipped="0">
  <testcase classname="com.Airpay.Tests.TC_PP_Cash_MakePayment" name="setup" time="0.054"/>
  <system-out/>
  <testcase classname="com.Airpay.Tests.TC_PP_Cash_MakePayment" name="TC_TestCaseName" time="191.975"/>
  <system-out/>
</testsuite> <!-- com.Airpay.Tests.TC_PP_Cash_MakePayment -->
