<?xml version="1.0" encoding="UTF-8"?>
<!-- Generated by org.testng.reporters.JUnitReportReporter -->
<testsuite hostname="DESKTOP-OSH6QQN" failures="0" tests="2" name="com.Airpay.Tests.TC_PP_NetBanking_errorValidtion" time="104.580" errors="0" timestamp="2021-11-03T12:00:27 IST" skipped="0">
  <testcase classname="com.Airpay.Tests.TC_PP_NetBanking_errorValidtion" name="setup" time="0.001"/>
  <system-out/>
  <testcase classname="com.Airpay.Tests.TC_PP_NetBanking_errorValidtion" name="TC_TestCaseName" time="104.579"/>
  <system-out/>
</testsuite> <!-- com.Airpay.Tests.TC_PP_NetBanking_errorValidtion -->
