<?xml version="1.0" encoding="UTF-8"?>
<!-- Generated by org.testng.reporters.JUnitReportReporter -->
<testsuite hostname="DESKTOP-OSH6QQN" failures="0" tests="2" name="com.Airpay.Tests.TC_PP_14_Credit_Card" time="22.459" errors="0" timestamp="2021-10-14T18:32:22 IST" skipped="0">
  <testcase classname="com.Airpay.Tests.TC_PP_14_Credit_Card" name="setup" time="0.007"/>
  <system-out/>
  <testcase classname="com.Airpay.Tests.TC_PP_14_Credit_Card" name="TC_TestCaseName" time="22.452"/>
  <system-out/>
</testsuite> <!-- com.Airpay.Tests.TC_PP_14_Credit_Card -->
