<?xml version="1.0" encoding="UTF-8"?>
<!-- Generated by org.testng.reporters.JUnitReportReporter -->
<testsuite hostname="DESKTOP-OSH6QQN" failures="0" tests="2" name="com.Airpay.Tests.TC_PP_01" time="9.222" errors="0" timestamp="2021-11-03T11:41:53 IST" skipped="0">
  <testcase classname="com.Airpay.Tests.TC_PP_01" name="setup" time="0.001"/>
  <system-out/>
  <testcase classname="com.Airpay.Tests.TC_PP_01" name="TC_TestCaseName" time="9.221"/>
  <system-out/>
</testsuite> <!-- com.Airpay.Tests.TC_PP_01 -->
