<?xml version="1.0" encoding="UTF-8"?>
<!-- Generated by org.testng.reporters.JUnitReportReporter -->
<testsuite hostname="DESKTOP-OSH6QQN" failures="0" tests="2" name="com.Airpay.Tests.TC_PP_NetBanking_Banking_popular_bank_verification" time="10.913" errors="0" timestamp="2021-11-03T12:29:47 IST" skipped="0">
  <testcase classname="com.Airpay.Tests.TC_PP_NetBanking_Banking_popular_bank_verification" name="setup" time="0.000"/>
  <system-out/>
  <testcase classname="com.Airpay.Tests.TC_PP_NetBanking_Banking_popular_bank_verification" name="TC_TestCaseName" time="10.913"/>
  <system-out/>
</testsuite> <!-- com.Airpay.Tests.TC_PP_NetBanking_Banking_popular_bank_verification -->
