<?xml version="1.0" encoding="UTF-8"?>
<!-- Generated by org.testng.reporters.JUnitReportReporter -->
<testsuite hostname="DESKTOP-OSH6QQN" failures="0" tests="2" name="com.Airpay.Tests.TC_PP_NetBanking_Specific_Bank_page_validations" time="254.271" errors="0" timestamp="2021-11-03T12:06:06 IST" skipped="0">
  <testcase classname="com.Airpay.Tests.TC_PP_NetBanking_Specific_Bank_page_validations" name="setup" time="0.001"/>
  <system-out/>
  <testcase classname="com.Airpay.Tests.TC_PP_NetBanking_Specific_Bank_page_validations" name="TC_TestCaseName" time="254.270"/>
  <system-out/>
</testsuite> <!-- com.Airpay.Tests.TC_PP_NetBanking_Specific_Bank_page_validations -->
