<?xml version="1.0" encoding="UTF-8"?>
<!-- Generated by org.testng.reporters.JUnitReportReporter -->
<testsuite hostname="DESKTOP-OSH6QQN" failures="0" tests="2" name="com.Airpay.Tests.TC_PP_BharatOR_BarCode_img_verification" time="261.608" errors="0" timestamp="2021-11-03T13:11:41 IST" skipped="0">
  <testcase classname="com.Airpay.Tests.TC_PP_BharatOR_BarCode_img_verification" name="setup" time="0.000"/>
  <system-out/>
  <testcase classname="com.Airpay.Tests.TC_PP_BharatOR_BarCode_img_verification" name="TC_TestCaseName" time="261.608"/>
  <system-out/>
</testsuite> <!-- com.Airpay.Tests.TC_PP_BharatOR_BarCode_img_verification -->
