<?xml version="1.0" encoding="UTF-8"?>
<!-- Generated by org.testng.reporters.JUnitReportReporter -->
<testsuite hostname="DESKTOP-OSH6QQN" failures="0" tests="2" name="com.Airpay.Tests.TC_PP_09_Debit_Card" time="27.260" errors="0" timestamp="2021-11-03T11:50:49 IST" skipped="0">
  <testcase classname="com.Airpay.Tests.TC_PP_09_Debit_Card" name="setup" time="0.001"/>
  <system-out/>
  <testcase classname="com.Airpay.Tests.TC_PP_09_Debit_Card" name="TC_TestCaseName" time="27.259"/>
  <system-out/>
</testsuite> <!-- com.Airpay.Tests.TC_PP_09_Debit_Card -->
