<?xml version="1.0" encoding="UTF-8"?>
<!-- Generated by org.testng.reporters.JUnitReportReporter -->
<testsuite hostname="DESKTOP-OSH6QQN" failures="0" tests="2" name="com.Airpay.Tests.TC_PP_EMI_Card_logo_Appearance" time="95.978" errors="0" timestamp="2021-11-03T12:21:41 IST" skipped="0">
  <testcase classname="com.Airpay.Tests.TC_PP_EMI_Card_logo_Appearance" name="setup" time="0.000"/>
  <system-out/>
  <testcase classname="com.Airpay.Tests.TC_PP_EMI_Card_logo_Appearance" name="TC_TestCaseName" time="95.978"/>
  <system-out/>
</testsuite> <!-- com.Airpay.Tests.TC_PP_EMI_Card_logo_Appearance -->
