<?xml version="1.0" encoding="UTF-8"?>
<!-- Generated by org.testng.reporters.JUnitReportReporter -->
<testsuite hostname="DESKTOP-OSH6QQN" failures="0" tests="2" name="com.Airpay.Tests.TC_PP_Wallet_Banking_popular_wallet_verifying" time="139.708" errors="0" timestamp="2021-11-03T12:34:16 IST" skipped="0">
  <testcase classname="com.Airpay.Tests.TC_PP_Wallet_Banking_popular_wallet_verifying" name="setup" time="0.000"/>
  <system-out/>
  <testcase classname="com.Airpay.Tests.TC_PP_Wallet_Banking_popular_wallet_verifying" name="TC_TestCaseName" time="139.708"/>
  <system-out/>
</testsuite> <!-- com.Airpay.Tests.TC_PP_Wallet_Banking_popular_wallet_verifying -->
