<?xml version="1.0" encoding="UTF-8"?>
<!-- Generated by org.testng.reporters.JUnitReportReporter -->
<testsuite skipped="0" hostname="DESKTOP-OSH6QQN" name="com.Airpay.Tests.MA_Report" tests="3" failures="0" timestamp="2022-01-31T12:31:56 IST" time="0.051" errors="0">
  <testcase name="setup" time="0.016" classname="com.Airpay.Tests.MA_Report"/>
  <system-out/>
  <testcase name="TC_TestCaseName" time="0.035" classname="com.Airpay.Tests.MA_Report"/>
  <system-out/>
  <testcase name="delete" time="0.000" classname="com.Airpay.Tests.MA_Report"/>
  <system-out/>
</testsuite> <!-- com.Airpay.Tests.MA_Report -->
